Info: Starting: Create simulation model
Info: qsys-generate /home/gerard/Desktop/clase/TFG/proyecto_multiciclo/sistema/ensamblado_placa/COMPONENTES/disenyo_qsys/disenyo_qsys.qsys --simulation=VHDL --allow-mixed-language-simulation --output-directory=/home/gerard/Desktop/clase/TFG/proyecto_multiciclo/sistema/ensamblado_placa/COMPONENTES/disenyo_qsys/disenyo_qsys/simulation --family="Cyclone IV E" --part=EP4CE115F29C7
Progress: Loading disenyo_qsys/disenyo_qsys.qsys
Progress: Reading input file
Progress: Adding clk_0 [clock_source 19.1]
Progress: Parameterizing module clk_0
Progress: Adding ensamblado_procesador_0 [ensamblado_procesador 1.0]
Progress: Parameterizing module ensamblado_procesador_0
Progress: Adding master_0 [altera_jtag_avalon_master 19.1]
Progress: Parameterizing module master_0
Progress: Adding mm_reloj_0 [mm_reloj 1.0]
Progress: Parameterizing module mm_reloj_0
Progress: Adding new_sdram_controller_0 [altera_avalon_new_sdram_controller 19.1]
Progress: Parameterizing module new_sdram_controller_0
Progress: Adding ps2_0 [altera_up_avalon_ps2 18.0]
Progress: Parameterizing module ps2_0
Progress: Adding sram_0 [altera_up_avalon_sram 18.0]
Progress: Parameterizing module sram_0
Progress: Adding sys_sdram_pll_0 [altera_up_avalon_sys_sdram_pll 18.0]
Progress: Parameterizing module sys_sdram_pll_0
Progress: Adding video_dma_controller_0 [altera_up_avalon_video_dma_controller 18.0]
Progress: Parameterizing module video_dma_controller_0
Progress: Adding video_dual_clock_buffer_0 [altera_up_avalon_video_dual_clock_buffer 18.0]
Progress: Parameterizing module video_dual_clock_buffer_0
Progress: Adding video_pll_0 [altera_up_avalon_video_pll 18.0]
Progress: Parameterizing module video_pll_0
Progress: Adding video_vga_controller_0 [altera_up_avalon_video_vga_controller 18.0]
Progress: Parameterizing module video_vga_controller_0
Progress: Building connections
Progress: Parameterizing connections
Progress: Validating
Progress: Done reading input file
Info: disenyo_qsys.new_sdram_controller_0: SDRAM Controller will only be supported in Quartus Prime Standard Edition in the future release.
Info: disenyo_qsys.sys_sdram_pll_0: Refclk Freq: 50.0
Info: disenyo_qsys.video_vga_controller_0: Video Output Stream: Format: 640 x 480 with Color: 10 (bits) x 3 (planes) converted to 8 (bits) per color plane
Info: disenyo_qsys: Generating disenyo_qsys "disenyo_qsys" for SIM_VHDL
Info: ensamblado_procesador_0: "disenyo_qsys" instantiated ensamblado_procesador "ensamblado_procesador_0"
Info: master_0: "disenyo_qsys" instantiated altera_jtag_avalon_master "master_0"
Info: mm_reloj_0: "disenyo_qsys" instantiated mm_reloj "mm_reloj_0"
Info: Reusing file /home/gerard/Desktop/clase/TFG/proyecto_multiciclo/sistema/ensamblado_placa/COMPONENTES/disenyo_qsys/disenyo_qsys/simulation/submodules/constantes.vhd
Info: Reusing file /home/gerard/Desktop/clase/TFG/proyecto_multiciclo/sistema/ensamblado_placa/COMPONENTES/disenyo_qsys/disenyo_qsys/simulation/submodules/retardos.vhd
Info: Reusing file /home/gerard/Desktop/clase/TFG/proyecto_multiciclo/sistema/ensamblado_placa/COMPONENTES/disenyo_qsys/disenyo_qsys/simulation/submodules/tipos.vhd
Info: new_sdram_controller_0: Starting RTL generation for module 'disenyo_qsys_new_sdram_controller_0'
Info: new_sdram_controller_0:   Generation command is [exec /home/gerard/intelFPGA_lite/19.1/quartus/linux64/perl/bin/perl -I /home/gerard/intelFPGA_lite/19.1/quartus/sopc_builder/bin/europa -I /home/gerard/intelFPGA_lite/19.1/quartus/sopc_builder/bin -I /home/gerard/intelFPGA_lite/19.1/quartus/../ip/altera/sopc_builder_ip/common -I /home/gerard/intelFPGA_lite/19.1/quartus/../ip/altera/sopc_builder_ip/altera_avalon_new_sdram_controller -- /home/gerard/intelFPGA_lite/19.1/quartus/../ip/altera/sopc_builder_ip/altera_avalon_new_sdram_controller/generate_rtl.pl --name=disenyo_qsys_new_sdram_controller_0 --dir=/tmp/alt8426_3742974555030113961.dir/0050_new_sdram_controller_0_gen/ --quartus_dir=/home/gerard/intelFPGA_lite/19.1/quartus --vhdl --config=/tmp/alt8426_3742974555030113961.dir/0050_new_sdram_controller_0_gen//disenyo_qsys_new_sdram_controller_0_component_configuration.pl  --do_build_sim=1    --sim_dir=/tmp/alt8426_3742974555030113961.dir/0050_new_sdram_controller_0_gen/  ]
Info: new_sdram_controller_0: Done RTL generation for module 'disenyo_qsys_new_sdram_controller_0'
Info: new_sdram_controller_0: "disenyo_qsys" instantiated altera_avalon_new_sdram_controller "new_sdram_controller_0"
Info: ps2_0: Starting Generation of PS2 Controller
Warning: ps2_0: No files generated for fileset SIM_VHDL
Info: ps2_0: "disenyo_qsys" instantiated altera_up_avalon_ps2 "ps2_0"
Info: sram_0: Starting Generation of the SRAM Controller
Warning: sram_0: No files generated for fileset SIM_VHDL
Info: sram_0: "disenyo_qsys" instantiated altera_up_avalon_sram "sram_0"
Info: sys_sdram_pll_0: "disenyo_qsys" instantiated altera_up_avalon_sys_sdram_pll "sys_sdram_pll_0"
Info: video_dma_controller_0: Starting Generation of Video DMA Controller
Warning: video_dma_controller_0: No files generated for fileset SIM_VHDL
Info: video_dma_controller_0: "disenyo_qsys" instantiated altera_up_avalon_video_dma_controller "video_dma_controller_0"
Info: video_dual_clock_buffer_0: Starting Generation of the Dual Clock Buffer
Warning: video_dual_clock_buffer_0: No files generated for fileset SIM_VHDL
Info: video_dual_clock_buffer_0: "disenyo_qsys" instantiated altera_up_avalon_video_dual_clock_buffer "video_dual_clock_buffer_0"
Info: video_pll_0: "disenyo_qsys" instantiated altera_up_avalon_video_pll "video_pll_0"
Info: video_vga_controller_0: Starting Generation of VGA Controller
Warning: video_vga_controller_0: No files generated for fileset SIM_VHDL
Info: video_vga_controller_0: "disenyo_qsys" instantiated altera_up_avalon_video_vga_controller "video_vga_controller_0"
Info: avalon_st_adapter: Inserting error_adapter: error_adapter_0
Info: avalon_st_adapter_001: Inserting error_adapter: error_adapter_0
Info: avalon_st_adapter_002: Inserting error_adapter: error_adapter_0
Info: avalon_st_adapter_003: Inserting error_adapter: error_adapter_0
Info: avalon_st_adapter_004: Inserting error_adapter: error_adapter_0
Info: mm_interconnect_0: "disenyo_qsys" instantiated altera_mm_interconnect "mm_interconnect_0"
Info: irq_mapper: "disenyo_qsys" instantiated altera_irq_mapper "irq_mapper"
Info: rst_controller: "disenyo_qsys" instantiated altera_reset_controller "rst_controller"
Info: jtag_phy_embedded_in_jtag_master: "master_0" instantiated altera_jtag_dc_streaming "jtag_phy_embedded_in_jtag_master"
Info: timing_adt: "master_0" instantiated timing_adapter "timing_adt"
Info: fifo: "master_0" instantiated altera_avalon_sc_fifo "fifo"
Info: b2p: "master_0" instantiated altera_avalon_st_bytes_to_packets "b2p"
Info: p2b: "master_0" instantiated altera_avalon_st_packets_to_bytes "p2b"
Info: transacto: "master_0" instantiated altera_avalon_packets_to_master "transacto"
Info: b2p_adapter: "master_0" instantiated channel_adapter "b2p_adapter"
Info: p2b_adapter: "master_0" instantiated channel_adapter "p2b_adapter"
Info: sys_pll: "sys_sdram_pll_0" instantiated altera_up_altpll "sys_pll"
Info: reset_from_locked: "sys_sdram_pll_0" instantiated altera_up_avalon_reset_from_locked_signal "reset_from_locked"
Info: video_dma_controller_0_avalon_dma_master_translator: "mm_interconnect_0" instantiated altera_merlin_master_translator "video_dma_controller_0_avalon_dma_master_translator"
Info: sram_0_avalon_sram_slave_translator: "mm_interconnect_0" instantiated altera_merlin_slave_translator "sram_0_avalon_sram_slave_translator"
Info: video_dma_controller_0_avalon_dma_master_agent: "mm_interconnect_0" instantiated altera_merlin_master_agent "video_dma_controller_0_avalon_dma_master_agent"
Info: sram_0_avalon_sram_slave_agent: "mm_interconnect_0" instantiated altera_merlin_slave_agent "sram_0_avalon_sram_slave_agent"
Info: router: "mm_interconnect_0" instantiated altera_merlin_router "router"
Info: router_001: "mm_interconnect_0" instantiated altera_merlin_router "router_001"
Info: router_003: "mm_interconnect_0" instantiated altera_merlin_router "router_003"
Info: router_004: "mm_interconnect_0" instantiated altera_merlin_router "router_004"
Info: ensamblado_procesador_0_avalon_master_limiter: "mm_interconnect_0" instantiated altera_merlin_traffic_limiter "ensamblado_procesador_0_avalon_master_limiter"
Info: Reusing file /home/gerard/Desktop/clase/TFG/proyecto_multiciclo/sistema/ensamblado_placa/COMPONENTES/disenyo_qsys/disenyo_qsys/simulation/submodules/altera_avalon_sc_fifo.v
Info: Reusing file /home/gerard/Desktop/clase/TFG/proyecto_multiciclo/sistema/ensamblado_placa/COMPONENTES/disenyo_qsys/disenyo_qsys/simulation/submodules/altera_avalon_st_pipeline_base.v
Info: sram_0_avalon_sram_slave_burst_adapter: "mm_interconnect_0" instantiated altera_merlin_burst_adapter "sram_0_avalon_sram_slave_burst_adapter"
Info: Reusing file /home/gerard/Desktop/clase/TFG/proyecto_multiciclo/sistema/ensamblado_placa/COMPONENTES/disenyo_qsys/disenyo_qsys/simulation/submodules/altera_avalon_st_pipeline_stage.sv
Info: Reusing file /home/gerard/Desktop/clase/TFG/proyecto_multiciclo/sistema/ensamblado_placa/COMPONENTES/disenyo_qsys/disenyo_qsys/simulation/submodules/altera_avalon_st_pipeline_base.v
Info: cmd_demux: "mm_interconnect_0" instantiated altera_merlin_demultiplexer "cmd_demux"
Info: cmd_demux_001: "mm_interconnect_0" instantiated altera_merlin_demultiplexer "cmd_demux_001"
Info: cmd_mux: "mm_interconnect_0" instantiated altera_merlin_multiplexer "cmd_mux"
Info: cmd_mux_001: "mm_interconnect_0" instantiated altera_merlin_multiplexer "cmd_mux_001"
Info: Reusing file /home/gerard/Desktop/clase/TFG/proyecto_multiciclo/sistema/ensamblado_placa/COMPONENTES/disenyo_qsys/disenyo_qsys/simulation/submodules/altera_merlin_arbitrator.sv
Info: rsp_demux: "mm_interconnect_0" instantiated altera_merlin_demultiplexer "rsp_demux"
Info: rsp_demux_001: "mm_interconnect_0" instantiated altera_merlin_demultiplexer "rsp_demux_001"
Info: rsp_mux: "mm_interconnect_0" instantiated altera_merlin_multiplexer "rsp_mux"
Info: Reusing file /home/gerard/Desktop/clase/TFG/proyecto_multiciclo/sistema/ensamblado_placa/COMPONENTES/disenyo_qsys/disenyo_qsys/simulation/submodules/altera_merlin_arbitrator.sv
Info: rsp_mux_001: "mm_interconnect_0" instantiated altera_merlin_multiplexer "rsp_mux_001"
Info: Reusing file /home/gerard/Desktop/clase/TFG/proyecto_multiciclo/sistema/ensamblado_placa/COMPONENTES/disenyo_qsys/disenyo_qsys/simulation/submodules/altera_merlin_arbitrator.sv
Info: sram_0_avalon_sram_slave_rsp_width_adapter: "mm_interconnect_0" instantiated altera_merlin_width_adapter "sram_0_avalon_sram_slave_rsp_width_adapter"
Info: Reusing file /home/gerard/Desktop/clase/TFG/proyecto_multiciclo/sistema/ensamblado_placa/COMPONENTES/disenyo_qsys/disenyo_qsys/simulation/submodules/altera_merlin_address_alignment.sv
Info: Reusing file /home/gerard/Desktop/clase/TFG/proyecto_multiciclo/sistema/ensamblado_placa/COMPONENTES/disenyo_qsys/disenyo_qsys/simulation/submodules/altera_merlin_burst_uncompressor.sv
Info: pipeline_stage: "mm_interconnect_0" instantiated altera_avalon_st_pipeline_stage "pipeline_stage"
Info: Reusing file /home/gerard/Desktop/clase/TFG/proyecto_multiciclo/sistema/ensamblado_placa/COMPONENTES/disenyo_qsys/disenyo_qsys/simulation/submodules/altera_avalon_st_pipeline_stage.sv
Info: Reusing file /home/gerard/Desktop/clase/TFG/proyecto_multiciclo/sistema/ensamblado_placa/COMPONENTES/disenyo_qsys/disenyo_qsys/simulation/submodules/altera_avalon_st_pipeline_base.v
Info: avalon_st_adapter: "mm_interconnect_0" instantiated altera_avalon_st_adapter "avalon_st_adapter"
Info: avalon_st_adapter_001: "mm_interconnect_0" instantiated altera_avalon_st_adapter "avalon_st_adapter_001"
Info: error_adapter_0: "avalon_st_adapter" instantiated error_adapter "error_adapter_0"
Info: error_adapter_0: "avalon_st_adapter_001" instantiated error_adapter "error_adapter_0"
Info: disenyo_qsys: Done "disenyo_qsys" with 49 modules, 111 files
Info: qsys-generate succeeded.
Info: Finished: Create simulation model
Info: Starting: Create Modelsim Project.
Info: sim-script-gen --spd=/home/gerard/Desktop/clase/TFG/proyecto_multiciclo/sistema/ensamblado_placa/COMPONENTES/disenyo_qsys/disenyo_qsys/disenyo_qsys.spd --output-directory=/home/gerard/Desktop/clase/TFG/proyecto_multiciclo/sistema/ensamblado_placa/COMPONENTES/disenyo_qsys/disenyo_qsys/simulation/ --use-relative-paths=true
Info: Doing: ip-make-simscript --spd=/home/gerard/Desktop/clase/TFG/proyecto_multiciclo/sistema/ensamblado_placa/COMPONENTES/disenyo_qsys/disenyo_qsys/disenyo_qsys.spd --output-directory=/home/gerard/Desktop/clase/TFG/proyecto_multiciclo/sistema/ensamblado_placa/COMPONENTES/disenyo_qsys/disenyo_qsys/simulation/ --use-relative-paths=true
Info: Generating the following file(s) for MODELSIM simulator in /home/gerard/Desktop/clase/TFG/proyecto_multiciclo/sistema/ensamblado_placa/COMPONENTES/disenyo_qsys/disenyo_qsys/simulation/ directory:
Info: 	mentor/msim_setup.tcl
Info: Skipping VCS script generation since VHDL file $QUARTUS_INSTALL_DIR/eda/sim_lib/altera_syn_attributes.vhd is required for simulation
Info: Generating the following file(s) for VCSMX simulator in /home/gerard/Desktop/clase/TFG/proyecto_multiciclo/sistema/ensamblado_placa/COMPONENTES/disenyo_qsys/disenyo_qsys/simulation/ directory:
Info: 	synopsys/vcsmx/synopsys_sim.setup
Info: 	synopsys/vcsmx/vcsmx_setup.sh
Info: Generating the following file(s) for NCSIM simulator in /home/gerard/Desktop/clase/TFG/proyecto_multiciclo/sistema/ensamblado_placa/COMPONENTES/disenyo_qsys/disenyo_qsys/simulation/ directory:
Info: 	cadence/cds.lib
Info: 	cadence/hdl.var
Info: 	cadence/ncsim_setup.sh
Info: 	42 .cds.lib files in cadence/cds_libs/ directory
Info: Generating the following file(s) for RIVIERA simulator in /home/gerard/Desktop/clase/TFG/proyecto_multiciclo/sistema/ensamblado_placa/COMPONENTES/disenyo_qsys/disenyo_qsys/simulation/ directory:
Info: 	aldec/rivierapro_setup.tcl
Info: For information on how to simulate your IP, see the explanatory comments in the simulator-specific subdirectories under /home/gerard/Desktop/clase/TFG/proyecto_multiciclo/sistema/ensamblado_placa/COMPONENTES/disenyo_qsys/disenyo_qsys/simulation/.
Info: Regenerate these scripts whenever you make any change to any Quartus-generated IP in your project.
Info: Finished: Create Modelsim Project.
Info: 
Info: Starting: Create HDL design files for synthesis
Info: qsys-generate /home/gerard/Desktop/clase/TFG/proyecto_multiciclo/sistema/ensamblado_placa/COMPONENTES/disenyo_qsys/disenyo_qsys.qsys --synthesis=VHDL --output-directory=/home/gerard/Desktop/clase/TFG/proyecto_multiciclo/sistema/ensamblado_placa/COMPONENTES/disenyo_qsys/disenyo_qsys/synthesis --family="Cyclone IV E" --part=EP4CE115F29C7
Progress: Loading disenyo_qsys/disenyo_qsys.qsys
Progress: Reading input file
Progress: Adding clk_0 [clock_source 19.1]
Progress: Parameterizing module clk_0
Progress: Adding ensamblado_procesador_0 [ensamblado_procesador 1.0]
Progress: Parameterizing module ensamblado_procesador_0
Progress: Adding master_0 [altera_jtag_avalon_master 19.1]
Progress: Parameterizing module master_0
Progress: Adding mm_reloj_0 [mm_reloj 1.0]
Progress: Parameterizing module mm_reloj_0
Progress: Adding new_sdram_controller_0 [altera_avalon_new_sdram_controller 19.1]
Progress: Parameterizing module new_sdram_controller_0
Progress: Adding ps2_0 [altera_up_avalon_ps2 18.0]
Progress: Parameterizing module ps2_0
Progress: Adding sram_0 [altera_up_avalon_sram 18.0]
Progress: Parameterizing module sram_0
Progress: Adding sys_sdram_pll_0 [altera_up_avalon_sys_sdram_pll 18.0]
Progress: Parameterizing module sys_sdram_pll_0
Progress: Adding video_dma_controller_0 [altera_up_avalon_video_dma_controller 18.0]
Progress: Parameterizing module video_dma_controller_0
Progress: Adding video_dual_clock_buffer_0 [altera_up_avalon_video_dual_clock_buffer 18.0]
Progress: Parameterizing module video_dual_clock_buffer_0
Progress: Adding video_pll_0 [altera_up_avalon_video_pll 18.0]
Progress: Parameterizing module video_pll_0
Progress: Adding video_vga_controller_0 [altera_up_avalon_video_vga_controller 18.0]
Progress: Parameterizing module video_vga_controller_0
Progress: Building connections
Progress: Parameterizing connections
Progress: Validating
Progress: Done reading input file
Info: disenyo_qsys.new_sdram_controller_0: SDRAM Controller will only be supported in Quartus Prime Standard Edition in the future release.
Info: disenyo_qsys.sys_sdram_pll_0: Refclk Freq: 50.0
Info: disenyo_qsys.video_vga_controller_0: Video Output Stream: Format: 640 x 480 with Color: 10 (bits) x 3 (planes) converted to 8 (bits) per color plane
Info: disenyo_qsys: Generating disenyo_qsys "disenyo_qsys" for QUARTUS_SYNTH
Info: ensamblado_procesador_0: "disenyo_qsys" instantiated ensamblado_procesador "ensamblado_procesador_0"
Info: master_0: "disenyo_qsys" instantiated altera_jtag_avalon_master "master_0"
Info: mm_reloj_0: "disenyo_qsys" instantiated mm_reloj "mm_reloj_0"
Info: Reusing file /home/gerard/Desktop/clase/TFG/proyecto_multiciclo/sistema/ensamblado_placa/COMPONENTES/disenyo_qsys/disenyo_qsys/synthesis/submodules/constantes.vhd
Info: Reusing file /home/gerard/Desktop/clase/TFG/proyecto_multiciclo/sistema/ensamblado_placa/COMPONENTES/disenyo_qsys/disenyo_qsys/synthesis/submodules/retardos.vhd
Info: Reusing file /home/gerard/Desktop/clase/TFG/proyecto_multiciclo/sistema/ensamblado_placa/COMPONENTES/disenyo_qsys/disenyo_qsys/synthesis/submodules/tipos.vhd
Info: new_sdram_controller_0: Starting RTL generation for module 'disenyo_qsys_new_sdram_controller_0'
Info: new_sdram_controller_0:   Generation command is [exec /home/gerard/intelFPGA_lite/19.1/quartus/linux64/perl/bin/perl -I /home/gerard/intelFPGA_lite/19.1/quartus/sopc_builder/bin/europa -I /home/gerard/intelFPGA_lite/19.1/quartus/sopc_builder/bin -I /home/gerard/intelFPGA_lite/19.1/quartus/../ip/altera/sopc_builder_ip/common -I /home/gerard/intelFPGA_lite/19.1/quartus/../ip/altera/sopc_builder_ip/altera_avalon_new_sdram_controller -- /home/gerard/intelFPGA_lite/19.1/quartus/../ip/altera/sopc_builder_ip/altera_avalon_new_sdram_controller/generate_rtl.pl --name=disenyo_qsys_new_sdram_controller_0 --dir=/tmp/alt8426_3742974555030113961.dir/0093_new_sdram_controller_0_gen/ --quartus_dir=/home/gerard/intelFPGA_lite/19.1/quartus --verilog --config=/tmp/alt8426_3742974555030113961.dir/0093_new_sdram_controller_0_gen//disenyo_qsys_new_sdram_controller_0_component_configuration.pl  --do_build_sim=0  ]
Info: new_sdram_controller_0: Done RTL generation for module 'disenyo_qsys_new_sdram_controller_0'
Info: new_sdram_controller_0: "disenyo_qsys" instantiated altera_avalon_new_sdram_controller "new_sdram_controller_0"
Info: ps2_0: Starting Generation of PS2 Controller
Info: ps2_0: "disenyo_qsys" instantiated altera_up_avalon_ps2 "ps2_0"
Info: sram_0: Starting Generation of the SRAM Controller
Info: sram_0: "disenyo_qsys" instantiated altera_up_avalon_sram "sram_0"
Info: sys_sdram_pll_0: "disenyo_qsys" instantiated altera_up_avalon_sys_sdram_pll "sys_sdram_pll_0"
Info: video_dma_controller_0: Starting Generation of Video DMA Controller
Info: video_dma_controller_0: "disenyo_qsys" instantiated altera_up_avalon_video_dma_controller "video_dma_controller_0"
Info: video_dual_clock_buffer_0: Starting Generation of the Dual Clock Buffer
Info: video_dual_clock_buffer_0: "disenyo_qsys" instantiated altera_up_avalon_video_dual_clock_buffer "video_dual_clock_buffer_0"
Info: video_pll_0: "disenyo_qsys" instantiated altera_up_avalon_video_pll "video_pll_0"
Info: video_vga_controller_0: Starting Generation of VGA Controller
Info: video_vga_controller_0: "disenyo_qsys" instantiated altera_up_avalon_video_vga_controller "video_vga_controller_0"
Info: avalon_st_adapter: Inserting error_adapter: error_adapter_0
Info: avalon_st_adapter_001: Inserting error_adapter: error_adapter_0
Info: avalon_st_adapter_002: Inserting error_adapter: error_adapter_0
Info: avalon_st_adapter_003: Inserting error_adapter: error_adapter_0
Info: avalon_st_adapter_004: Inserting error_adapter: error_adapter_0
Info: mm_interconnect_0: "disenyo_qsys" instantiated altera_mm_interconnect "mm_interconnect_0"
Info: irq_mapper: "disenyo_qsys" instantiated altera_irq_mapper "irq_mapper"
Info: rst_controller: "disenyo_qsys" instantiated altera_reset_controller "rst_controller"
Info: jtag_phy_embedded_in_jtag_master: "master_0" instantiated altera_jtag_dc_streaming "jtag_phy_embedded_in_jtag_master"
Info: timing_adt: "master_0" instantiated timing_adapter "timing_adt"
Info: fifo: "master_0" instantiated altera_avalon_sc_fifo "fifo"
Info: b2p: "master_0" instantiated altera_avalon_st_bytes_to_packets "b2p"
Info: p2b: "master_0" instantiated altera_avalon_st_packets_to_bytes "p2b"
Info: transacto: "master_0" instantiated altera_avalon_packets_to_master "transacto"
Info: b2p_adapter: "master_0" instantiated channel_adapter "b2p_adapter"
Info: p2b_adapter: "master_0" instantiated channel_adapter "p2b_adapter"
Info: sys_pll: "sys_sdram_pll_0" instantiated altera_up_altpll "sys_pll"
Info: reset_from_locked: "sys_sdram_pll_0" instantiated altera_up_avalon_reset_from_locked_signal "reset_from_locked"
Info: video_dma_controller_0_avalon_dma_master_translator: "mm_interconnect_0" instantiated altera_merlin_master_translator "video_dma_controller_0_avalon_dma_master_translator"
Info: sram_0_avalon_sram_slave_translator: "mm_interconnect_0" instantiated altera_merlin_slave_translator "sram_0_avalon_sram_slave_translator"
Info: video_dma_controller_0_avalon_dma_master_agent: "mm_interconnect_0" instantiated altera_merlin_master_agent "video_dma_controller_0_avalon_dma_master_agent"
Info: sram_0_avalon_sram_slave_agent: "mm_interconnect_0" instantiated altera_merlin_slave_agent "sram_0_avalon_sram_slave_agent"
Info: router: "mm_interconnect_0" instantiated altera_merlin_router "router"
Info: router_001: "mm_interconnect_0" instantiated altera_merlin_router "router_001"
Info: router_003: "mm_interconnect_0" instantiated altera_merlin_router "router_003"
Info: router_004: "mm_interconnect_0" instantiated altera_merlin_router "router_004"
Info: ensamblado_procesador_0_avalon_master_limiter: "mm_interconnect_0" instantiated altera_merlin_traffic_limiter "ensamblado_procesador_0_avalon_master_limiter"
Info: Reusing file /home/gerard/Desktop/clase/TFG/proyecto_multiciclo/sistema/ensamblado_placa/COMPONENTES/disenyo_qsys/disenyo_qsys/synthesis/submodules/altera_avalon_sc_fifo.v
Info: Reusing file /home/gerard/Desktop/clase/TFG/proyecto_multiciclo/sistema/ensamblado_placa/COMPONENTES/disenyo_qsys/disenyo_qsys/synthesis/submodules/altera_avalon_st_pipeline_base.v
Info: sram_0_avalon_sram_slave_burst_adapter: "mm_interconnect_0" instantiated altera_merlin_burst_adapter "sram_0_avalon_sram_slave_burst_adapter"
Info: Reusing file /home/gerard/Desktop/clase/TFG/proyecto_multiciclo/sistema/ensamblado_placa/COMPONENTES/disenyo_qsys/disenyo_qsys/synthesis/submodules/altera_avalon_st_pipeline_stage.sv
Info: Reusing file /home/gerard/Desktop/clase/TFG/proyecto_multiciclo/sistema/ensamblado_placa/COMPONENTES/disenyo_qsys/disenyo_qsys/synthesis/submodules/altera_avalon_st_pipeline_base.v
Info: cmd_demux: "mm_interconnect_0" instantiated altera_merlin_demultiplexer "cmd_demux"
Info: cmd_demux_001: "mm_interconnect_0" instantiated altera_merlin_demultiplexer "cmd_demux_001"
Info: cmd_mux: "mm_interconnect_0" instantiated altera_merlin_multiplexer "cmd_mux"
Info: cmd_mux_001: "mm_interconnect_0" instantiated altera_merlin_multiplexer "cmd_mux_001"
Info: Reusing file /home/gerard/Desktop/clase/TFG/proyecto_multiciclo/sistema/ensamblado_placa/COMPONENTES/disenyo_qsys/disenyo_qsys/synthesis/submodules/altera_merlin_arbitrator.sv
Info: rsp_demux: "mm_interconnect_0" instantiated altera_merlin_demultiplexer "rsp_demux"
Info: rsp_demux_001: "mm_interconnect_0" instantiated altera_merlin_demultiplexer "rsp_demux_001"
Info: rsp_mux: "mm_interconnect_0" instantiated altera_merlin_multiplexer "rsp_mux"
Info: Reusing file /home/gerard/Desktop/clase/TFG/proyecto_multiciclo/sistema/ensamblado_placa/COMPONENTES/disenyo_qsys/disenyo_qsys/synthesis/submodules/altera_merlin_arbitrator.sv
Info: rsp_mux_001: "mm_interconnect_0" instantiated altera_merlin_multiplexer "rsp_mux_001"
Info: Reusing file /home/gerard/Desktop/clase/TFG/proyecto_multiciclo/sistema/ensamblado_placa/COMPONENTES/disenyo_qsys/disenyo_qsys/synthesis/submodules/altera_merlin_arbitrator.sv
Info: sram_0_avalon_sram_slave_rsp_width_adapter: "mm_interconnect_0" instantiated altera_merlin_width_adapter "sram_0_avalon_sram_slave_rsp_width_adapter"
Info: Reusing file /home/gerard/Desktop/clase/TFG/proyecto_multiciclo/sistema/ensamblado_placa/COMPONENTES/disenyo_qsys/disenyo_qsys/synthesis/submodules/altera_merlin_address_alignment.sv
Info: Reusing file /home/gerard/Desktop/clase/TFG/proyecto_multiciclo/sistema/ensamblado_placa/COMPONENTES/disenyo_qsys/disenyo_qsys/synthesis/submodules/altera_merlin_burst_uncompressor.sv
Info: pipeline_stage: "mm_interconnect_0" instantiated altera_avalon_st_pipeline_stage "pipeline_stage"
Info: Reusing file /home/gerard/Desktop/clase/TFG/proyecto_multiciclo/sistema/ensamblado_placa/COMPONENTES/disenyo_qsys/disenyo_qsys/synthesis/submodules/altera_avalon_st_pipeline_stage.sv
Info: Reusing file /home/gerard/Desktop/clase/TFG/proyecto_multiciclo/sistema/ensamblado_placa/COMPONENTES/disenyo_qsys/disenyo_qsys/synthesis/submodules/altera_avalon_st_pipeline_base.v
Info: avalon_st_adapter: "mm_interconnect_0" instantiated altera_avalon_st_adapter "avalon_st_adapter"
Info: avalon_st_adapter_001: "mm_interconnect_0" instantiated altera_avalon_st_adapter "avalon_st_adapter_001"
Info: error_adapter_0: "avalon_st_adapter" instantiated error_adapter "error_adapter_0"
Info: error_adapter_0: "avalon_st_adapter_001" instantiated error_adapter "error_adapter_0"
Info: disenyo_qsys: Done "disenyo_qsys" with 49 modules, 123 files
Info: qsys-generate succeeded.
Info: Finished: Create HDL design files for synthesis
